<?xml version="1.0" encoding="UTF-8"?>
<testng-results ignored="0" total="1" passed="1" failed="0" skipped="0">
  <reporter-output>
  </reporter-output>
  <suite started-at="2024-07-07T01:50:57 IST" name="Default suite" finished-at="2024-07-07T01:51:04 IST" duration-ms="7194">
    <groups>
    </groups>
    <test started-at="2024-07-07T01:50:57 IST" name="Default test" finished-at="2024-07-07T01:51:04 IST" duration-ms="7194">
      <class name="package1.SeleniumProject.TestCase1">
        <test-method signature="login_to_facebook_using_valid_credentials()[pri:0, instance:package1.SeleniumProject.TestCase1@53fdffa1]" started-at="2024-07-07T01:50:57 IST" name="login_to_facebook_using_valid_credentials" finished-at="2024-07-07T01:51:04 IST" duration-ms="7104" status="PASS">
          <reporter-output>
          </reporter-output>
        </test-method> <!-- login_to_facebook_using_valid_credentials -->
      </class> <!-- package1.SeleniumProject.TestCase1 -->
    </test> <!-- Default test -->
  </suite> <!-- Default suite -->
</testng-results>
