<?xml version="1.0" encoding="UTF-8"?>
<testng-results ignored="0" total="1" passed="1" failed="0" skipped="0">
  <reporter-output>
  </reporter-output>
  <suite started-at="2024-07-13T21:26:08 IST" name="Default suite" finished-at="2024-07-13T21:26:16 IST" duration-ms="8044">
    <groups>
    </groups>
    <test started-at="2024-07-13T21:26:08 IST" name="Default test" finished-at="2024-07-13T21:26:16 IST" duration-ms="8044">
      <class name="seleniumprog.Testcas2">
        <test-method signature="AM_login()[pri:0, instance:seleniumprog.Testcas2@625732]" started-at="2024-07-13T21:26:08 IST" name="AM_login" finished-at="2024-07-13T21:26:16 IST" duration-ms="7939" status="PASS">
          <reporter-output>
          </reporter-output>
        </test-method> <!-- AM_login -->
      </class> <!-- seleniumprog.Testcas2 -->
    </test> <!-- Default test -->
  </suite> <!-- Default suite -->
</testng-results>
