<?xml version="1.0" encoding="UTF-8"?>
<!-- Generated by org.testng.reporters.JUnitXMLReporter -->
<testsuite ignored="0" hostname="DESKTOP-M9M5V5Q" failures="0" tests="1" name="Testing on Chrome" time="24.164" errors="0" timestamp="2024-06-30T12:57:44 IST">
  <testcase classname="Selenium_Amazelogins_ll.Amaze_ll" name="@BeforeMethod testcase1" time="0.013">
    <failure type="java.lang.NullPointerException" message="Cannot invoke &amp;quot;org.openqa.selenium.WebDriver.get(String)&amp;quot; because &amp;quot;this.driver&amp;quot; is null">
      <![CDATA[java.lang.NullPointerException: Cannot invoke "org.openqa.selenium.WebDriver.get(String)" because "this.driver" is null
at Selenium_Amazelogins_ll.Amaze_ll.testcase1(Amaze_ll.java:25)
at java.base/java.util.ArrayList.forEach(ArrayList.java:1511)
at java.base/java.util.concurrent.FutureTask.run(FutureTask.java:264)
at java.base/java.util.concurrent.ThreadPoolExecutor.runWorker(ThreadPoolExecutor.java:1136)
at java.base/java.util.concurrent.ThreadPoolExecutor$Worker.run(ThreadPoolExecutor.java:635)
at java.base/java.lang.Thread.run(Thread.java:840)
... Removed 22 stack frames]]>
    </failure>
  </testcase> <!-- @BeforeMethod testcase1 -->
  <testcase classname="Selenium_Amazelogins_ll.Amaze_ll" name="@AfterMethod Close" time="-1.719732440628E9">
    <skipped/>
  </testcase> <!-- @AfterMethod Close -->
  <testcase classname="Selenium_Amazelogins_ll.Amaze_ll" name="@BeforeMethod testcase1" time="0.002">
    <failure type="java.lang.NullPointerException" message="Cannot invoke &amp;quot;org.openqa.selenium.WebDriver.get(String)&amp;quot; because &amp;quot;this.driver&amp;quot; is null">
      <![CDATA[java.lang.NullPointerException: Cannot invoke "org.openqa.selenium.WebDriver.get(String)" because "this.driver" is null
at Selenium_Amazelogins_ll.Amaze_ll.testcase1(Amaze_ll.java:25)
at java.base/java.util.ArrayList.forEach(ArrayList.java:1511)
at java.base/java.util.concurrent.FutureTask.run(FutureTask.java:264)
at java.base/java.util.concurrent.ThreadPoolExecutor.runWorker(ThreadPoolExecutor.java:1136)
at java.base/java.util.concurrent.ThreadPoolExecutor$Worker.run(ThreadPoolExecutor.java:635)
at java.base/java.lang.Thread.run(Thread.java:840)
... Removed 22 stack frames]]>
    </failure>
  </testcase> <!-- @BeforeMethod testcase1 -->
  <testcase classname="Selenium_Amazelogins_ll.Amaze_ll" name="@AfterMethod Close" time="-1.719732440684E9">
    <skipped/>
  </testcase> <!-- @AfterMethod Close -->
  <testcase classname="Selenium_Amazelogins_ll.Amaze_ll" name="@BeforeMethod testcase1" time="0.001">
    <failure type="java.lang.NullPointerException" message="Cannot invoke &amp;quot;org.openqa.selenium.WebDriver.get(String)&amp;quot; because &amp;quot;this.driver&amp;quot; is null">
      <![CDATA[java.lang.NullPointerException: Cannot invoke "org.openqa.selenium.WebDriver.get(String)" because "this.driver" is null
at Selenium_Amazelogins_ll.Amaze_ll.testcase1(Amaze_ll.java:25)
at java.base/java.util.ArrayList.forEach(ArrayList.java:1511)
at java.base/java.util.concurrent.FutureTask.run(FutureTask.java:264)
at java.base/java.util.concurrent.ThreadPoolExecutor.runWorker(ThreadPoolExecutor.java:1136)
at java.base/java.util.concurrent.ThreadPoolExecutor$Worker.run(ThreadPoolExecutor.java:635)
at java.base/java.lang.Thread.run(Thread.java:840)
... Removed 22 stack frames]]>
    </failure>
  </testcase> <!-- @BeforeMethod testcase1 -->
  <testcase classname="Selenium_Amazelogins_ll.Amaze_ll" name="@AfterMethod Close" time="-1.71973244073E9">
    <skipped/>
  </testcase> <!-- @AfterMethod Close -->
  <testcase classname="Selenium_Amazelogins_ll.Amaze_ll" name="@BeforeMethod testcase1" time="0.001">
    <failure type="java.lang.NullPointerException" message="Cannot invoke &amp;quot;org.openqa.selenium.WebDriver.get(String)&amp;quot; because &amp;quot;this.driver&amp;quot; is null">
      <![CDATA[java.lang.NullPointerException: Cannot invoke "org.openqa.selenium.WebDriver.get(String)" because "this.driver" is null
at Selenium_Amazelogins_ll.Amaze_ll.testcase1(Amaze_ll.java:25)
at java.base/java.util.ArrayList.forEach(ArrayList.java:1511)
at java.base/java.util.concurrent.FutureTask.run(FutureTask.java:264)
at java.base/java.util.concurrent.ThreadPoolExecutor.runWorker(ThreadPoolExecutor.java:1136)
at java.base/java.util.concurrent.ThreadPoolExecutor$Worker.run(ThreadPoolExecutor.java:635)
at java.base/java.lang.Thread.run(Thread.java:840)
... Removed 22 stack frames]]>
    </failure>
  </testcase> <!-- @BeforeMethod testcase1 -->
  <testcase classname="Selenium_Amazelogins_ll.Amaze_ll" name="@AfterMethod Close" time="-1.719732440781E9">
    <skipped/>
  </testcase> <!-- @AfterMethod Close -->
  <testcase classname="Selenium_Amazelogins_ll.Amaze_ll" name="@BeforeMethod testcase1" time="0.005">
    <failure type="java.lang.NullPointerException" message="Cannot invoke &amp;quot;org.openqa.selenium.WebDriver.get(String)&amp;quot; because &amp;quot;this.driver&amp;quot; is null">
      <![CDATA[java.lang.NullPointerException: Cannot invoke "org.openqa.selenium.WebDriver.get(String)" because "this.driver" is null
at Selenium_Amazelogins_ll.Amaze_ll.testcase1(Amaze_ll.java:25)
at java.base/java.util.ArrayList.forEach(ArrayList.java:1511)
at java.base/java.util.concurrent.FutureTask.run(FutureTask.java:264)
at java.base/java.util.concurrent.ThreadPoolExecutor.runWorker(ThreadPoolExecutor.java:1136)
at java.base/java.util.concurrent.ThreadPoolExecutor$Worker.run(ThreadPoolExecutor.java:635)
at java.base/java.lang.Thread.run(Thread.java:840)
... Removed 22 stack frames]]>
    </failure>
  </testcase> <!-- @BeforeMethod testcase1 -->
  <testcase classname="Selenium_Amazelogins_ll.Amaze_ll" name="@AfterMethod Close" time="-1.719732440837E9">
    <skipped/>
  </testcase> <!-- @AfterMethod Close -->
  <testcase classname="Selenium_Amazelogins_ll.Amaze_ll" name="@BeforeMethod testcase1" time="0.007">
    <failure type="java.lang.NullPointerException" message="Cannot invoke &amp;quot;org.openqa.selenium.WebDriver.get(String)&amp;quot; because &amp;quot;this.driver&amp;quot; is null">
      <![CDATA[java.lang.NullPointerException: Cannot invoke "org.openqa.selenium.WebDriver.get(String)" because "this.driver" is null
at Selenium_Amazelogins_ll.Amaze_ll.testcase1(Amaze_ll.java:25)
at java.base/java.util.ArrayList.forEach(ArrayList.java:1511)
at java.base/java.util.concurrent.FutureTask.run(FutureTask.java:264)
at java.base/java.util.concurrent.ThreadPoolExecutor.runWorker(ThreadPoolExecutor.java:1136)
at java.base/java.util.concurrent.ThreadPoolExecutor$Worker.run(ThreadPoolExecutor.java:635)
at java.base/java.lang.Thread.run(Thread.java:840)
... Removed 22 stack frames]]>
    </failure>
  </testcase> <!-- @BeforeMethod testcase1 -->
  <testcase classname="Selenium_Amazelogins_ll.Amaze_ll" name="@AfterMethod Close" time="-1.719732440916E9">
    <skipped/>
  </testcase> <!-- @AfterMethod Close -->
  <testcase classname="Selenium_Amazelogins_ll.Amaze_ll" name="@BeforeMethod testcase1" time="0.001">
    <failure type="java.lang.NullPointerException" message="Cannot invoke &amp;quot;org.openqa.selenium.WebDriver.get(String)&amp;quot; because &amp;quot;this.driver&amp;quot; is null">
      <![CDATA[java.lang.NullPointerException: Cannot invoke "org.openqa.selenium.WebDriver.get(String)" because "this.driver" is null
at Selenium_Amazelogins_ll.Amaze_ll.testcase1(Amaze_ll.java:25)
at java.base/java.util.ArrayList.forEach(ArrayList.java:1511)
at java.base/java.util.concurrent.FutureTask.run(FutureTask.java:264)
at java.base/java.util.concurrent.ThreadPoolExecutor.runWorker(ThreadPoolExecutor.java:1136)
at java.base/java.util.concurrent.ThreadPoolExecutor$Worker.run(ThreadPoolExecutor.java:635)
at java.base/java.lang.Thread.run(Thread.java:840)
... Removed 22 stack frames]]>
    </failure>
  </testcase> <!-- @BeforeMethod testcase1 -->
  <testcase classname="Selenium_Amazelogins_ll.Amaze_ll" name="@AfterMethod Close" time="-1.719732440962E9">
    <skipped/>
  </testcase> <!-- @AfterMethod Close -->
  <testcase classname="Selenium_Amazelogins_ll.Amaze_ll" name="@BeforeMethod testcase1" time="0.001">
    <failure type="java.lang.NullPointerException" message="Cannot invoke &amp;quot;org.openqa.selenium.WebDriver.get(String)&amp;quot; because &amp;quot;this.driver&amp;quot; is null">
      <![CDATA[java.lang.NullPointerException: Cannot invoke "org.openqa.selenium.WebDriver.get(String)" because "this.driver" is null
at Selenium_Amazelogins_ll.Amaze_ll.testcase1(Amaze_ll.java:25)
at java.base/java.util.ArrayList.forEach(ArrayList.java:1511)
at java.base/java.util.concurrent.FutureTask.run(FutureTask.java:264)
at java.base/java.util.concurrent.ThreadPoolExecutor.runWorker(ThreadPoolExecutor.java:1136)
at java.base/java.util.concurrent.ThreadPoolExecutor$Worker.run(ThreadPoolExecutor.java:635)
at java.base/java.lang.Thread.run(Thread.java:840)
... Removed 22 stack frames]]>
    </failure>
  </testcase> <!-- @BeforeMethod testcase1 -->
  <testcase classname="Selenium_Amazelogins_ll.Amaze_ll" name="@AfterMethod Close" time="-1.719732440984E9">
    <skipped/>
  </testcase> <!-- @AfterMethod Close -->
  <testcase classname="Selenium_Amazelogins_ll.Amaze_ll" name="@BeforeMethod testcase1" time="0.001">
    <failure type="java.lang.NullPointerException" message="Cannot invoke &amp;quot;org.openqa.selenium.WebDriver.get(String)&amp;quot; because &amp;quot;this.driver&amp;quot; is null">
      <![CDATA[java.lang.NullPointerException: Cannot invoke "org.openqa.selenium.WebDriver.get(String)" because "this.driver" is null
at Selenium_Amazelogins_ll.Amaze_ll.testcase1(Amaze_ll.java:25)
at java.base/java.util.ArrayList.forEach(ArrayList.java:1511)
at java.base/java.util.concurrent.FutureTask.run(FutureTask.java:264)
at java.base/java.util.concurrent.ThreadPoolExecutor.runWorker(ThreadPoolExecutor.java:1136)
at java.base/java.util.concurrent.ThreadPoolExecutor$Worker.run(ThreadPoolExecutor.java:635)
at java.base/java.lang.Thread.run(Thread.java:840)
... Removed 22 stack frames]]>
    </failure>
  </testcase> <!-- @BeforeMethod testcase1 -->
  <testcase classname="Selenium_Amazelogins_ll.Amaze_ll" name="@AfterMethod Close" time="-1.719732441041E9">
    <skipped/>
  </testcase> <!-- @AfterMethod Close -->
  <testcase classname="Selenium_Amazelogins_ll.Amaze_ll" name="@BeforeMethod testcase1" time="0.001">
    <failure type="java.lang.NullPointerException" message="Cannot invoke &amp;quot;org.openqa.selenium.WebDriver.get(String)&amp;quot; because &amp;quot;this.driver&amp;quot; is null">
      <![CDATA[java.lang.NullPointerException: Cannot invoke "org.openqa.selenium.WebDriver.get(String)" because "this.driver" is null
at Selenium_Amazelogins_ll.Amaze_ll.testcase1(Amaze_ll.java:25)
at java.base/java.util.ArrayList.forEach(ArrayList.java:1511)
at java.base/java.util.concurrent.FutureTask.run(FutureTask.java:264)
at java.base/java.util.concurrent.ThreadPoolExecutor.runWorker(ThreadPoolExecutor.java:1136)
at java.base/java.util.concurrent.ThreadPoolExecutor$Worker.run(ThreadPoolExecutor.java:635)
at java.base/java.lang.Thread.run(Thread.java:840)
... Removed 22 stack frames]]>
    </failure>
  </testcase> <!-- @BeforeMethod testcase1 -->
  <testcase classname="Selenium_Amazelogins_ll.Amaze_ll" name="@AfterMethod Close" time="-1.71973244107E9">
    <skipped/>
  </testcase> <!-- @AfterMethod Close -->
  <testcase classname="Selenium_Amazelogins_ll.TestCase2" name="Mobile_search" time="9.126"/>
</testsuite> <!-- Testing on Chrome -->
