<?xml version="1.0" encoding="UTF-8"?>
<testng-results ignored="0" total="1" passed="1" failed="0" skipped="0">
  <reporter-output>
  </reporter-output>
  <suite started-at="2024-07-28T19:21:49 IST" name="Default suite" finished-at="2024-07-28T19:22:24 IST" duration-ms="34979">
    <groups>
    </groups>
    <test started-at="2024-07-28T19:21:49 IST" name="Default test" finished-at="2024-07-28T19:22:24 IST" duration-ms="34979">
      <class name="Maven.Selenium_Maven_Proj1.TestCase15">
        <test-method signature="login_to_search()[pri:0, instance:Maven.Selenium_Maven_Proj1.TestCase15@437da279]" started-at="2024-07-28T19:21:49 IST" name="login_to_search" finished-at="2024-07-28T19:22:24 IST" duration-ms="34893" status="PASS">
          <reporter-output>
          </reporter-output>
        </test-method> <!-- login_to_search -->
      </class> <!-- Maven.Selenium_Maven_Proj1.TestCase15 -->
    </test> <!-- Default test -->
  </suite> <!-- Default suite -->
</testng-results>
